  [1m[36m (1.7ms)[0m  [1mCREATE TABLE "schema_migrations" ("version" varchar NOT NULL) [0m
  [1m[35m (0.1ms)[0m  select sqlite_version(*)
  [1m[36m (1.6ms)[0m  [1mCREATE UNIQUE INDEX "unique_schema_migrations" ON "schema_migrations" ("version")[0m
  [1m[35mActiveRecord::SchemaMigration Load (0.1ms)[0m  SELECT "schema_migrations".* FROM "schema_migrations"


Started GET "/" for ::1 at 2015-11-17 17:47:54 -0600
Processing by Rails::WelcomeController#index as HTML
  Rendered /Users/admin/.rvm/gems/ruby-2.1.2/gems/railties-4.2.3/lib/rails/templates/rails/welcome/index.html.erb (2.8ms)
Completed 200 OK in 27ms (Views: 19.4ms | ActiveRecord: 0.0ms)
  [1m[36mActiveRecord::SchemaMigration Load (0.1ms)[0m  [1mSELECT "schema_migrations".* FROM "schema_migrations"[0m
Migrating to CreateStudents (1)
  [1m[35m (0.1ms)[0m  begin transaction
  [1m[36m (0.4ms)[0m  [1mCREATE TABLE "students" ("id" INTEGER PRIMARY KEY AUTOINCREMENT NOT NULL, "first_name" varchar, "last_name" varchar, "created_at" datetime NOT NULL, "updated_at" datetime NOT NULL) [0m
  [1m[35mSQL (0.3ms)[0m  INSERT INTO "schema_migrations" ("version") VALUES (?)  [["version", "1"]]
  [1m[36m (1.4ms)[0m  [1mcommit transaction[0m
  [1m[35mActiveRecord::SchemaMigration Load (0.1ms)[0m  SELECT "schema_migrations".* FROM "schema_migrations"
  [1m[36m (0.1ms)[0m  [1mbegin transaction[0m
  [1m[35mSQL (0.3ms)[0m  INSERT INTO "students" ("first_name", "last_name", "created_at", "updated_at") VALUES (?, ?, ?, ?)  [["first_name", "Jordan"], ["last_name", "Hudgens"], ["created_at", "2015-11-18 00:10:55.545365"], ["updated_at", "2015-11-18 00:10:55.545365"]]
  [1m[36m (2.9ms)[0m  [1mcommit transaction[0m
  [1m[35mStudent Load (0.2ms)[0m  SELECT  "students".* FROM "students"  ORDER BY "students"."id" DESC LIMIT 1
  [1m[36m (0.1ms)[0m  [1mbegin transaction[0m
  [1m[35mSQL (0.3ms)[0m  INSERT INTO "students" ("created_at", "updated_at") VALUES (?, ?)  [["created_at", "2015-11-18 00:17:49.095449"], ["updated_at", "2015-11-18 00:17:49.095449"]]
  [1m[36m (1.2ms)[0m  [1mcommit transaction[0m
  [1m[35mStudent Load (0.2ms)[0m  SELECT  "students".* FROM "students"  ORDER BY "students"."id" DESC LIMIT 1
  [1m[36mActiveRecord::SchemaMigration Load (0.1ms)[0m  [1mSELECT "schema_migrations".* FROM "schema_migrations"[0m
  [1m[35mActiveRecord::SchemaMigration Load (0.1ms)[0m  SELECT "schema_migrations".* FROM "schema_migrations"


Started GET "/" for ::1 at 2015-11-18 13:36:42 -0600
  [1m[36mActiveRecord::SchemaMigration Load (0.1ms)[0m  [1mSELECT "schema_migrations".* FROM "schema_migrations"[0m
Processing by Rails::WelcomeController#index as HTML
  Rendered /Users/admin/.rvm/gems/ruby-2.1.2/gems/railties-4.2.3/lib/rails/templates/rails/welcome/index.html.erb (2.4ms)
Completed 200 OK in 39ms (Views: 24.5ms | ActiveRecord: 0.0ms)


Started GET "/" for ::1 at 2015-11-18 13:37:10 -0600
Processing by Rails::WelcomeController#index as HTML
  Rendered /Users/admin/.rvm/gems/ruby-2.1.2/gems/railties-4.2.3/lib/rails/templates/rails/welcome/index.html.erb (0.0ms)
Completed 200 OK in 1ms (Views: 0.7ms | ActiveRecord: 0.0ms)
  [1m[36mActiveRecord::SchemaMigration Load (0.5ms)[0m  [1mSELECT "schema_migrations".* FROM "schema_migrations"[0m
  [1m[35mActiveRecord::SchemaMigration Load (0.1ms)[0m  SELECT "schema_migrations".* FROM "schema_migrations"
  [1m[36mStudent Load (0.4ms)[0m  [1mSELECT  "students".* FROM "students"  ORDER BY "students"."id" DESC LIMIT 1[0m
  [1m[35mStudent Load (0.2ms)[0m  SELECT  "students".* FROM "students"  ORDER BY "students"."id" DESC LIMIT 1
  [1m[36m (0.1ms)[0m  [1mbegin transaction[0m
  [1m[35mSQL (0.6ms)[0m  DELETE FROM "students" WHERE "students"."id" = ?  [["id", 2]]
  [1m[36m (1.6ms)[0m  [1mcommit transaction[0m
  [1m[35mStudent Load (0.2ms)[0m  SELECT "students".* FROM "students"
  [1m[35m (3.6ms)[0m  [1m[35mCREATE TABLE "ar_internal_metadata" ("key" varchar NOT NULL PRIMARY KEY, "value" varchar, "created_at" datetime NOT NULL, "updated_at" datetime NOT NULL)[0m
  [1m[36mActiveRecord::SchemaMigration Load (1.4ms)[0m  [1m[34mSELECT "schema_migrations".* FROM "schema_migrations"[0m
Migrating to TableForSchoolClass (20190408174514)
  [1m[35m (0.1ms)[0m  [1m[36mbegin transaction[0m
  [1m[35m (0.0ms)[0m  [1m[31mrollback transaction[0m
  [1m[36mActiveRecord::SchemaMigration Load (0.2ms)[0m  [1m[34mSELECT "schema_migrations".* FROM "schema_migrations"[0m
Migrating to TableForSchoolClass (20190408174514)
  [1m[35m (0.1ms)[0m  [1m[36mbegin transaction[0m
  [1m[35m (0.6ms)[0m  [1m[35mCREATE TABLE "school_classes" ("id" INTEGER PRIMARY KEY AUTOINCREMENT NOT NULL, "title" varchar, "room_number" integer)[0m
  [1m[35mSQL (0.2ms)[0m  [1m[32mINSERT INTO "schema_migrations" ("version") VALUES (?)[0m  [["version", "20190408174514"]]
  [1m[35m (1.8ms)[0m  [1m[36mcommit transaction[0m
  [1m[36mActiveRecord::InternalMetadata Load (0.2ms)[0m  [1m[34mSELECT  "ar_internal_metadata".* FROM "ar_internal_metadata" WHERE "ar_internal_metadata"."key" = ? LIMIT ?[0m  [["key", "environment"], ["LIMIT", 1]]
  [1m[35m (0.1ms)[0m  [1m[36mbegin transaction[0m
  [1m[35mSQL (0.4ms)[0m  [1m[32mINSERT INTO "ar_internal_metadata" ("key", "value", "created_at", "updated_at") VALUES (?, ?, ?, ?)[0m  [["key", "environment"], ["value", "development"], ["created_at", "2019-04-08 17:47:05.823516"], ["updated_at", "2019-04-08 17:47:05.823516"]]
  [1m[35m (1.7ms)[0m  [1m[36mcommit transaction[0m
  [1m[36mActiveRecord::SchemaMigration Load (0.2ms)[0m  [1m[34mSELECT "schema_migrations".* FROM "schema_migrations"[0m
  [1m[36mActiveRecord::SchemaMigration Load (1.4ms)[0m  [1m[34mSELECT "schema_migrations".* FROM "schema_migrations"[0m
  [1m[35m (0.1ms)[0m  [1m[36mbegin transaction[0m
  [1m[35mSQL (2.0ms)[0m  [1m[32mINSERT INTO "students" ("first_name", "last_name", "created_at", "updated_at") VALUES (?, ?, ?, ?)[0m  [["first_name", "Sam"], ["last_name", "Guo"], ["created_at", "2019-04-08 17:49:45.429541"], ["updated_at", "2019-04-08 17:49:45.429541"]]
  [1m[35m (1.9ms)[0m  [1m[36mcommit transaction[0m
  [1m[35m (0.1ms)[0m  [1m[36mbegin transaction[0m
  [1m[35mSQL (0.4ms)[0m  [1m[32mINSERT INTO "students" ("first_name", "last_name", "created_at", "updated_at") VALUES (?, ?, ?, ?)[0m  [["first_name", "Asuna"], ["last_name", "Yuuki"], ["created_at", "2019-04-08 17:49:45.435225"], ["updated_at", "2019-04-08 17:49:45.435225"]]
  [1m[35m (1.7ms)[0m  [1m[36mcommit transaction[0m
  [1m[35m (0.1ms)[0m  [1m[36mbegin transaction[0m
  [1m[35mSQL (1.6ms)[0m  [1m[32mINSERT INTO "school_classes" ("title", "room_number") VALUES (?, ?)[0m  [["title", "SAO"], ["room_number", 24]]
  [1m[35m (2.2ms)[0m  [1m[36mcommit transaction[0m
  [1m[35m (0.1ms)[0m  [1m[36mbegin transaction[0m
  [1m[35mSQL (0.4ms)[0m  [1m[32mINSERT INTO "school_classes" ("title", "room_number") VALUES (?, ?)[0m  [["title", "Rath"], ["room_number", 25]]
  [1m[35m (1.7ms)[0m  [1m[36mcommit transaction[0m
  [1m[36mStudent Load (2.0ms)[0m  [1m[34mSELECT "students".* FROM "students"[0m
  [1m[36mStudent Load (0.3ms)[0m  [1m[34mSELECT  "students".* FROM "students" WHERE "students"."id" = ? LIMIT ?[0m  [["id", 2], ["LIMIT", 1]]
  [1m[36mStudent Load (0.3ms)[0m  [1m[34mSELECT  "students".* FROM "students" WHERE "students"."id" = ? LIMIT ?[0m  [["id", 2], ["LIMIT", 1]]
  [1m[36mStudent Load (0.3ms)[0m  [1m[34mSELECT  "students".* FROM "students" WHERE "students"."id" = ? LIMIT ?[0m  [["id", 3], ["LIMIT", 1]]
  [1m[36mStudent Load (0.6ms)[0m  [1m[34mSELECT  "students".* FROM "students" WHERE "students"."id" = ? LIMIT ?[0m  [["id", 3], ["LIMIT", 1]]
  [1m[36mSchoolClass Load (0.2ms)[0m  [1m[34mSELECT "school_classes".* FROM "school_classes"[0m
  [1m[36mSchoolClass Load (0.3ms)[0m  [1m[34mSELECT  "school_classes".* FROM "school_classes" WHERE "school_classes"."id" = ? LIMIT ?[0m  [["id", 1], ["LIMIT", 1]]
  [1m[36mSchoolClass Load (0.3ms)[0m  [1m[34mSELECT  "school_classes".* FROM "school_classes" WHERE "school_classes"."id" = ? LIMIT ?[0m  [["id", 1], ["LIMIT", 1]]
  [1m[36mSchoolClass Load (0.3ms)[0m  [1m[34mSELECT  "school_classes".* FROM "school_classes" WHERE "school_classes"."id" = ? LIMIT ?[0m  [["id", 1], ["LIMIT", 1]]
Started GET "/students/new" for ::1 at 2019-04-08 14:00:00 -0400
  [1m[36mActiveRecord::SchemaMigration Load (1.3ms)[0m  [1m[34mSELECT "schema_migrations".* FROM "schema_migrations"[0m
Processing by StudentsController#new as HTML
  Rendering students/new.erb within layouts/application
  Rendered students/new.erb within layouts/application (70.4ms)
Completed 200 OK in 537ms (Views: 521.7ms | ActiveRecord: 0.6ms)


Started GET "/students/new" for ::1 at 2019-04-08 14:00:29 -0400
Processing by StudentsController#new as HTML
  Rendering students/new.erb within layouts/application
  Rendered students/new.erb within layouts/application (4.3ms)
Completed 200 OK in 33ms (Views: 30.5ms | ActiveRecord: 0.0ms)


Started GET "/students" for ::1 at 2019-04-08 14:07:10 -0400
Processing by StudentsController#index as HTML
  Rendering students/index.erb within layouts/application
  [1m[36mStudent Load (1.4ms)[0m  [1m[34mSELECT "students".* FROM "students"[0m
  Rendered students/index.erb within layouts/application (34.4ms)
Completed 200 OK in 90ms (Views: 81.4ms | ActiveRecord: 2.5ms)


Started GET "/students/new" for ::1 at 2019-04-08 14:07:30 -0400
Processing by StudentsController#new as HTML
  Rendering students/new.erb within layouts/application
  Rendered students/new.erb within layouts/application (4.6ms)
Completed 200 OK in 45ms (Views: 43.4ms | ActiveRecord: 0.0ms)


Started POST "/students" for ::1 at 2019-04-08 14:07:46 -0400
Processing by StudentsController#create as HTML
  Parameters: {"utf8"=>"✓", "authenticity_token"=>"bb1C3zqVNIsfy67VbAJTaM7zD9jPieMNHU5EM5Z3MzdpjeAY4gssGs/dzln6gymc90RDD2bogXkZ9RFG0qCMIg==", "student"=>{"first_name"=>"Hinata", "last_name"=>"Shoyo"}, "commit"=>"Create Student"}
  [1m[35m (0.1ms)[0m  [1m[36mbegin transaction[0m
  [1m[35mSQL (4.3ms)[0m  [1m[32mINSERT INTO "students" ("first_name", "last_name", "created_at", "updated_at") VALUES (?, ?, ?, ?)[0m  [["first_name", "Hinata"], ["last_name", "Shoyo"], ["created_at", "2019-04-08 18:07:46.800622"], ["updated_at", "2019-04-08 18:07:46.800622"]]
  [1m[35m (2.1ms)[0m  [1m[36mcommit transaction[0m
Completed 500 Internal Server Error in 13ms (ActiveRecord: 6.5ms)


  
ActionController::UrlGenerationError (No route matches {:action=>"show", :controller=>"students"} missing required keys: [:id]):
  
app/controllers/concerns/students_controller.rb:8:in `create'
  Rendering /Users/adaguo/.rvm/gems/ruby-2.6.1/gems/actionpack-5.0.7.1/lib/action_dispatch/middleware/templates/rescues/diagnostics.html.erb within rescues/layout
  Rendering /Users/adaguo/.rvm/gems/ruby-2.6.1/gems/actionpack-5.0.7.1/lib/action_dispatch/middleware/templates/rescues/_source.html.erb
  Rendered /Users/adaguo/.rvm/gems/ruby-2.6.1/gems/actionpack-5.0.7.1/lib/action_dispatch/middleware/templates/rescues/_source.html.erb (8.1ms)
  Rendering /Users/adaguo/.rvm/gems/ruby-2.6.1/gems/actionpack-5.0.7.1/lib/action_dispatch/middleware/templates/rescues/_trace.html.erb
  Rendered /Users/adaguo/.rvm/gems/ruby-2.6.1/gems/actionpack-5.0.7.1/lib/action_dispatch/middleware/templates/rescues/_trace.html.erb (2.4ms)
  Rendering /Users/adaguo/.rvm/gems/ruby-2.6.1/gems/actionpack-5.0.7.1/lib/action_dispatch/middleware/templates/rescues/_request_and_response.html.erb
  Rendered /Users/adaguo/.rvm/gems/ruby-2.6.1/gems/actionpack-5.0.7.1/lib/action_dispatch/middleware/templates/rescues/_request_and_response.html.erb (1.2ms)
  Rendered /Users/adaguo/.rvm/gems/ruby-2.6.1/gems/actionpack-5.0.7.1/lib/action_dispatch/middleware/templates/rescues/diagnostics.html.erb within rescues/layout (44.4ms)
Started GET "/students" for ::1 at 2019-04-08 14:08:07 -0400
Processing by StudentsController#index as HTML
  Rendering students/index.erb within layouts/application
  [1m[36mStudent Load (3.3ms)[0m  [1m[34mSELECT "students".* FROM "students"[0m
  Rendered students/index.erb within layouts/application (66.3ms)
Completed 200 OK in 111ms (Views: 91.2ms | ActiveRecord: 11.5ms)


Started GET "/students/new" for ::1 at 2019-04-08 14:08:10 -0400
Processing by StudentsController#new as HTML
  Rendering students/new.erb within layouts/application
  Rendered students/new.erb within layouts/application (6.7ms)
Completed 200 OK in 35ms (Views: 32.9ms | ActiveRecord: 0.0ms)


Started POST "/students" for ::1 at 2019-04-08 14:08:18 -0400
Processing by StudentsController#create as HTML
  Parameters: {"utf8"=>"✓", "authenticity_token"=>"bUYrVyT8xaP6vrr1ygHcog1CTNWYq4fkiYC+w78yA5NpdomQ/GLdMiqo2nlcgKZWNPUAAjHK5ZCNO+u2++W8hg==", "student"=>{"first_name"=>"Tobio", "last_name"=>"Kageyama"}, "commit"=>"Create Student"}
  [1m[35m (0.1ms)[0m  [1m[36mbegin transaction[0m
  [1m[35mSQL (2.3ms)[0m  [1m[32mINSERT INTO "students" ("first_name", "last_name", "created_at", "updated_at") VALUES (?, ?, ?, ?)[0m  [["first_name", "Tobio"], ["last_name", "Kageyama"], ["created_at", "2019-04-08 18:08:18.555801"], ["updated_at", "2019-04-08 18:08:18.555801"]]
  [1m[35m (1.9ms)[0m  [1m[36mcommit transaction[0m
Redirected to http://localhost:3000/students
Completed 302 Found in 9ms (ActiveRecord: 4.2ms)


Started GET "/students" for ::1 at 2019-04-08 14:08:18 -0400
Processing by StudentsController#index as HTML
  Rendering students/index.erb within layouts/application
  [1m[36mStudent Load (0.3ms)[0m  [1m[34mSELECT "students".* FROM "students"[0m
  Rendered students/index.erb within layouts/application (1.7ms)
Completed 200 OK in 27ms (Views: 24.8ms | ActiveRecord: 0.3ms)


Started GET "/students" for ::1 at 2019-04-08 14:09:15 -0400
Processing by StudentsController#index as HTML
  Rendering students/index.erb within layouts/application
  [1m[36mStudent Load (0.5ms)[0m  [1m[34mSELECT "students".* FROM "students"[0m
  Rendered students/index.erb within layouts/application (3.3ms)
Completed 200 OK in 69ms (Views: 65.9ms | ActiveRecord: 0.5ms)


Started GET "/students.3" for ::1 at 2019-04-08 14:09:17 -0400
Processing by StudentsController#index as 
  Rendering students/index.erb within layouts/application
  [1m[36mStudent Load (0.3ms)[0m  [1m[34mSELECT "students".* FROM "students"[0m
  Rendered students/index.erb within layouts/application (4.4ms)
Completed 200 OK in 53ms (Views: 38.2ms | ActiveRecord: 0.3ms)


Started GET "/students" for ::1 at 2019-04-08 14:10:33 -0400
Processing by StudentsController#index as HTML
  Rendering students/index.erb within layouts/application
  [1m[36mStudent Load (2.3ms)[0m  [1m[34mSELECT "students".* FROM "students"[0m
  Rendered students/index.erb within layouts/application (26.4ms)
Completed 200 OK in 77ms (Views: 62.8ms | ActiveRecord: 4.0ms)


Started GET "/students.4" for ::1 at 2019-04-08 14:10:35 -0400
Processing by StudentsController#index as 
  Rendering students/index.erb within layouts/application
  [1m[36mStudent Load (0.2ms)[0m  [1m[34mSELECT "students".* FROM "students"[0m
  Rendered students/index.erb within layouts/application (2.8ms)
Completed 200 OK in 43ms (Views: 34.8ms | ActiveRecord: 0.2ms)


Started GET "/students" for ::1 at 2019-04-08 14:10:52 -0400
Processing by StudentsController#index as HTML
  Rendering students/index.erb within layouts/application
  [1m[36mStudent Load (0.4ms)[0m  [1m[34mSELECT "students".* FROM "students"[0m
  Rendered students/index.erb within layouts/application (3.3ms)
Completed 200 OK in 35ms (Views: 31.3ms | ActiveRecord: 0.4ms)


Started GET "/students/1" for ::1 at 2019-04-08 14:10:54 -0400
Processing by StudentsController#show as HTML
  Parameters: {"id"=>"1"}
  [1m[36mStudent Load (0.2ms)[0m  [1m[34mSELECT  "students".* FROM "students" WHERE "students"."id" = ? LIMIT ?[0m  [["id", 1], ["LIMIT", 1]]
  Rendering students/show.erb within layouts/application
  Rendered students/show.erb within layouts/application (0.6ms)
Completed 200 OK in 38ms (Views: 27.8ms | ActiveRecord: 0.2ms)


Started GET "/students/4" for ::1 at 2019-04-08 14:10:56 -0400
Processing by StudentsController#show as HTML
  Parameters: {"id"=>"4"}
  [1m[36mStudent Load (0.2ms)[0m  [1m[34mSELECT  "students".* FROM "students" WHERE "students"."id" = ? LIMIT ?[0m  [["id", 4], ["LIMIT", 1]]
  Rendering students/show.erb within layouts/application
  Rendered students/show.erb within layouts/application (0.6ms)
Completed 200 OK in 31ms (Views: 25.2ms | ActiveRecord: 0.2ms)


Started GET "/students/6" for ::1 at 2019-04-08 14:10:58 -0400
Processing by StudentsController#show as HTML
  Parameters: {"id"=>"6"}
  [1m[36mStudent Load (0.2ms)[0m  [1m[34mSELECT  "students".* FROM "students" WHERE "students"."id" = ? LIMIT ?[0m  [["id", 6], ["LIMIT", 1]]
  Rendering students/show.erb within layouts/application
  Rendered students/show.erb within layouts/application (1.4ms)
Completed 200 OK in 36ms (Views: 32.1ms | ActiveRecord: 0.2ms)


Started GET "/students/2" for ::1 at 2019-04-08 14:14:05 -0400
  [1m[36mActiveRecord::SchemaMigration Load (0.4ms)[0m  [1m[34mSELECT "schema_migrations".* FROM "schema_migrations"[0m
Processing by StudentsController#show as HTML
  Parameters: {"id"=>"2"}
  [1m[36mStudent Load (0.2ms)[0m  [1m[34mSELECT  "students".* FROM "students" WHERE "students"."id" = ? LIMIT ?[0m  [["id", 2], ["LIMIT", 1]]
Completed 404 Not Found in 19ms (ActiveRecord: 0.7ms)


  
ActiveRecord::RecordNotFound (Couldn't find Student with 'id'=2):
  
app/controllers/concerns/students_controller.rb:16:in `show'
  Rendering /Users/adaguo/.rvm/gems/ruby-2.6.1/gems/actionpack-5.0.7.1/lib/action_dispatch/middleware/templates/rescues/diagnostics.html.erb within rescues/layout
  Rendering /Users/adaguo/.rvm/gems/ruby-2.6.1/gems/actionpack-5.0.7.1/lib/action_dispatch/middleware/templates/rescues/_source.html.erb
  Rendered /Users/adaguo/.rvm/gems/ruby-2.6.1/gems/actionpack-5.0.7.1/lib/action_dispatch/middleware/templates/rescues/_source.html.erb (19.8ms)
  Rendering /Users/adaguo/.rvm/gems/ruby-2.6.1/gems/actionpack-5.0.7.1/lib/action_dispatch/middleware/templates/rescues/_trace.html.erb
  Rendered /Users/adaguo/.rvm/gems/ruby-2.6.1/gems/actionpack-5.0.7.1/lib/action_dispatch/middleware/templates/rescues/_trace.html.erb (1.6ms)
  Rendering /Users/adaguo/.rvm/gems/ruby-2.6.1/gems/actionpack-5.0.7.1/lib/action_dispatch/middleware/templates/rescues/_request_and_response.html.erb
  Rendered /Users/adaguo/.rvm/gems/ruby-2.6.1/gems/actionpack-5.0.7.1/lib/action_dispatch/middleware/templates/rescues/_request_and_response.html.erb (1.1ms)
  Rendered /Users/adaguo/.rvm/gems/ruby-2.6.1/gems/actionpack-5.0.7.1/lib/action_dispatch/middleware/templates/rescues/diagnostics.html.erb within rescues/layout (58.5ms)
Started GET "/students/3" for ::1 at 2019-04-08 14:14:08 -0400
Processing by StudentsController#show as HTML
  Parameters: {"id"=>"3"}
  [1m[36mStudent Load (0.2ms)[0m  [1m[34mSELECT  "students".* FROM "students" WHERE "students"."id" = ? LIMIT ?[0m  [["id", 3], ["LIMIT", 1]]
  Rendering students/show.erb within layouts/application
  Rendered students/show.erb within layouts/application (1.6ms)
Completed 200 OK in 442ms (Views: 427.2ms | ActiveRecord: 0.2ms)


Started GET "/students/3/edut" for ::1 at 2019-04-08 14:14:11 -0400
  
ActionController::RoutingError (No route matches [GET] "/students/3/edut"):
  
actionpack (5.0.7.1) lib/action_dispatch/middleware/debug_exceptions.rb:53:in `call'
actionpack (5.0.7.1) lib/action_dispatch/middleware/show_exceptions.rb:31:in `call'
railties (5.0.7.1) lib/rails/rack/logger.rb:36:in `call_app'
railties (5.0.7.1) lib/rails/rack/logger.rb:24:in `block in call'
activesupport (5.0.7.1) lib/active_support/tagged_logging.rb:69:in `block in tagged'
activesupport (5.0.7.1) lib/active_support/tagged_logging.rb:26:in `tagged'
activesupport (5.0.7.1) lib/active_support/tagged_logging.rb:69:in `tagged'
railties (5.0.7.1) lib/rails/rack/logger.rb:24:in `call'
sprockets-rails (3.2.1) lib/sprockets/rails/quiet_assets.rb:13:in `call'
actionpack (5.0.7.1) lib/action_dispatch/middleware/request_id.rb:24:in `call'
rack (2.0.6) lib/rack/method_override.rb:22:in `call'
rack (2.0.6) lib/rack/runtime.rb:22:in `call'
activesupport (5.0.7.1) lib/active_support/cache/strategy/local_cache_middleware.rb:28:in `call'
actionpack (5.0.7.1) lib/action_dispatch/middleware/executor.rb:12:in `call'
actionpack (5.0.7.1) lib/action_dispatch/middleware/static.rb:136:in `call'
rack (2.0.6) lib/rack/sendfile.rb:111:in `call'
railties (5.0.7.1) lib/rails/engine.rb:522:in `call'
rack (2.0.6) lib/rack/handler/webrick.rb:86:in `service'
/Users/adaguo/.rvm/rubies/ruby-2.6.1/lib/ruby/2.6.0/webrick/httpserver.rb:140:in `service'
/Users/adaguo/.rvm/rubies/ruby-2.6.1/lib/ruby/2.6.0/webrick/httpserver.rb:96:in `run'
/Users/adaguo/.rvm/rubies/ruby-2.6.1/lib/ruby/2.6.0/webrick/server.rb:307:in `block in start_thread'
  Rendering /Users/adaguo/.rvm/gems/ruby-2.6.1/gems/actionpack-5.0.7.1/lib/action_dispatch/middleware/templates/rescues/routing_error.html.erb within rescues/layout
  Rendering /Users/adaguo/.rvm/gems/ruby-2.6.1/gems/actionpack-5.0.7.1/lib/action_dispatch/middleware/templates/rescues/_trace.html.erb
  Rendered /Users/adaguo/.rvm/gems/ruby-2.6.1/gems/actionpack-5.0.7.1/lib/action_dispatch/middleware/templates/rescues/_trace.html.erb (1.6ms)
  Rendered collection of /Users/adaguo/.rvm/gems/ruby-2.6.1/gems/actionpack-5.0.7.1/lib/action_dispatch/middleware/templates/routes/_route.html.erb [14 times] (16.6ms)
  Rendered /Users/adaguo/.rvm/gems/ruby-2.6.1/gems/actionpack-5.0.7.1/lib/action_dispatch/middleware/templates/routes/_table.html.erb (17.4ms)
  Rendering /Users/adaguo/.rvm/gems/ruby-2.6.1/gems/actionpack-5.0.7.1/lib/action_dispatch/middleware/templates/rescues/_request_and_response.html.erb
  Rendered /Users/adaguo/.rvm/gems/ruby-2.6.1/gems/actionpack-5.0.7.1/lib/action_dispatch/middleware/templates/rescues/_request_and_response.html.erb (1.0ms)
  Rendered /Users/adaguo/.rvm/gems/ruby-2.6.1/gems/actionpack-5.0.7.1/lib/action_dispatch/middleware/templates/rescues/routing_error.html.erb within rescues/layout (74.8ms)
Started GET "/students/3/edit" for ::1 at 2019-04-08 14:14:15 -0400
Processing by StudentsController#edit as HTML
  Parameters: {"id"=>"3"}
Completed 500 Internal Server Error in 17ms (ActiveRecord: 0.0ms)


  
NameError (undefined local variable or method `param' for #<StudentsController:0x00007fd3b372c688>
Did you mean?  params
               params=):
  
app/controllers/concerns/students_controller.rb:20:in `edit'
  Rendering /Users/adaguo/.rvm/gems/ruby-2.6.1/gems/actionpack-5.0.7.1/lib/action_dispatch/middleware/templates/rescues/diagnostics.html.erb within rescues/layout
  Rendering /Users/adaguo/.rvm/gems/ruby-2.6.1/gems/actionpack-5.0.7.1/lib/action_dispatch/middleware/templates/rescues/_source.html.erb
  Rendered /Users/adaguo/.rvm/gems/ruby-2.6.1/gems/actionpack-5.0.7.1/lib/action_dispatch/middleware/templates/rescues/_source.html.erb (3.9ms)
  Rendering /Users/adaguo/.rvm/gems/ruby-2.6.1/gems/actionpack-5.0.7.1/lib/action_dispatch/middleware/templates/rescues/_trace.html.erb
  Rendered /Users/adaguo/.rvm/gems/ruby-2.6.1/gems/actionpack-5.0.7.1/lib/action_dispatch/middleware/templates/rescues/_trace.html.erb (1.5ms)
  Rendering /Users/adaguo/.rvm/gems/ruby-2.6.1/gems/actionpack-5.0.7.1/lib/action_dispatch/middleware/templates/rescues/_request_and_response.html.erb
  Rendered /Users/adaguo/.rvm/gems/ruby-2.6.1/gems/actionpack-5.0.7.1/lib/action_dispatch/middleware/templates/rescues/_request_and_response.html.erb (1.5ms)
  Rendered /Users/adaguo/.rvm/gems/ruby-2.6.1/gems/actionpack-5.0.7.1/lib/action_dispatch/middleware/templates/rescues/diagnostics.html.erb within rescues/layout (26.8ms)
Started GET "/students/3/edit" for ::1 at 2019-04-08 14:14:58 -0400
Processing by StudentsController#edit as HTML
  Parameters: {"id"=>"3"}
  [1m[36mStudent Load (0.2ms)[0m  [1m[34mSELECT  "students".* FROM "students" WHERE "students"."id" = ? LIMIT ?[0m  [["id", 3], ["LIMIT", 1]]
  Rendering students/edit.erb within layouts/application
  Rendered students/edit.erb within layouts/application (24.9ms)
Completed 200 OK in 78ms (Views: 59.4ms | ActiveRecord: 1.6ms)


Started PATCH "/students/3" for ::1 at 2019-04-08 14:15:06 -0400
Processing by StudentsController#update as HTML
  Parameters: {"utf8"=>"✓", "authenticity_token"=>"JM4TjPhFoytPL2RVAdq5PWwMJAQ6fGGPcWB26Oyizqwg/rFLINu7up85BNmXW8PJVbto05MdA/t12yOdqHVxuQ==", "student"=>{"first_name"=>"Ada", "last_name"=>"Guo"}, "commit"=>"Update Student", "id"=>"3"}
No template found for StudentsController#update, rendering head :no_content
Completed 204 No Content in 55ms (ActiveRecord: 0.0ms)


Started GET "/students/3/edit" for ::1 at 2019-04-08 14:16:22 -0400
Processing by StudentsController#edit as HTML
  Parameters: {"id"=>"3"}
  [1m[36mStudent Load (0.2ms)[0m  [1m[34mSELECT  "students".* FROM "students" WHERE "students"."id" = ? LIMIT ?[0m  [["id", 3], ["LIMIT", 1]]
  Rendering students/edit.erb within layouts/application
  Rendered students/edit.erb within layouts/application (5.4ms)
Completed 200 OK in 43ms (Views: 28.5ms | ActiveRecord: 2.5ms)


Started PATCH "/students/3" for ::1 at 2019-04-08 14:16:26 -0400
Processing by StudentsController#update as HTML
  Parameters: {"utf8"=>"✓", "authenticity_token"=>"VNM9yctFqn351dwSQN5pkRFiFSHJTgw2VoEekwILsy1Q458OE9uy7CnDvJ7WXxNlKNVZ9mAvbkJSOkvmRtwMOA==", "student"=>{"first_name"=>"Ada", "last_name"=>"Guo"}, "commit"=>"Update Student", "id"=>"3"}
Completed 500 Internal Server Error in 3ms (ActiveRecord: 0.0ms)


  
NoMethodError (undefined method `update' for nil:NilClass):
  
app/controllers/concerns/students_controller.rb:24:in `update'
  Rendering /Users/adaguo/.rvm/gems/ruby-2.6.1/gems/actionpack-5.0.7.1/lib/action_dispatch/middleware/templates/rescues/diagnostics.html.erb within rescues/layout
  Rendering /Users/adaguo/.rvm/gems/ruby-2.6.1/gems/actionpack-5.0.7.1/lib/action_dispatch/middleware/templates/rescues/_source.html.erb
  Rendered /Users/adaguo/.rvm/gems/ruby-2.6.1/gems/actionpack-5.0.7.1/lib/action_dispatch/middleware/templates/rescues/_source.html.erb (4.5ms)
  Rendering /Users/adaguo/.rvm/gems/ruby-2.6.1/gems/actionpack-5.0.7.1/lib/action_dispatch/middleware/templates/rescues/_trace.html.erb
  Rendered /Users/adaguo/.rvm/gems/ruby-2.6.1/gems/actionpack-5.0.7.1/lib/action_dispatch/middleware/templates/rescues/_trace.html.erb (2.6ms)
  Rendering /Users/adaguo/.rvm/gems/ruby-2.6.1/gems/actionpack-5.0.7.1/lib/action_dispatch/middleware/templates/rescues/_request_and_response.html.erb
  Rendered /Users/adaguo/.rvm/gems/ruby-2.6.1/gems/actionpack-5.0.7.1/lib/action_dispatch/middleware/templates/rescues/_request_and_response.html.erb (1.7ms)
  Rendered /Users/adaguo/.rvm/gems/ruby-2.6.1/gems/actionpack-5.0.7.1/lib/action_dispatch/middleware/templates/rescues/diagnostics.html.erb within rescues/layout (34.7ms)
Started GET "/students/3" for ::1 at 2019-04-08 14:17:01 -0400
Processing by StudentsController#show as HTML
  Parameters: {"id"=>"3"}
  [1m[36mStudent Load (0.2ms)[0m  [1m[34mSELECT  "students".* FROM "students" WHERE "students"."id" = ? LIMIT ?[0m  [["id", 3], ["LIMIT", 1]]
  Rendering students/show.erb within layouts/application
  Rendered students/show.erb within layouts/application (0.7ms)
Completed 200 OK in 35ms (Views: 22.0ms | ActiveRecord: 1.7ms)


Started GET "/students/3/edit" for ::1 at 2019-04-08 14:17:03 -0400
Processing by StudentsController#edit as HTML
  Parameters: {"id"=>"3"}
  [1m[36mStudent Load (0.2ms)[0m  [1m[34mSELECT  "students".* FROM "students" WHERE "students"."id" = ? LIMIT ?[0m  [["id", 3], ["LIMIT", 1]]
  Rendering students/edit.erb within layouts/application
  Rendered students/edit.erb within layouts/application (6.2ms)
Completed 200 OK in 76ms (Views: 71.3ms | ActiveRecord: 0.2ms)


Started PATCH "/students/3" for ::1 at 2019-04-08 14:17:07 -0400
Processing by StudentsController#update as HTML
  Parameters: {"utf8"=>"✓", "authenticity_token"=>"woxZ7+i2TaCey1JMefNunMSIInIp61XbPv+Yicg0k4DGvPsoMChVMU7dMsDvchRo/T9upYCKN686RM38jOMslQ==", "student"=>{"first_name"=>"Ada", "last_name"=>"Guo"}, "commit"=>"Update Student", "id"=>"3"}
  [1m[36mStudent Load (0.2ms)[0m  [1m[34mSELECT  "students".* FROM "students" WHERE "students"."id" = ? LIMIT ?[0m  [["id", 3], ["LIMIT", 1]]
  [1m[35m (0.1ms)[0m  [1m[36mbegin transaction[0m
  [1m[35mSQL (3.7ms)[0m  [1m[33mUPDATE "students" SET "first_name" = ?, "updated_at" = ? WHERE "students"."id" = ?[0m  [["first_name", "Ada"], ["updated_at", "2019-04-08 18:17:07.260908"], ["id", 3]]
  [1m[35m (3.5ms)[0m  [1m[36mcommit transaction[0m
Completed 500 Internal Server Error in 17ms (ActiveRecord: 7.5ms)


  
ActionController::UrlGenerationError (No route matches {:action=>"show", :controller=>"students", :id=>nil} missing required keys: [:id]):
  
app/controllers/concerns/students_controller.rb:26:in `update'
  Rendering /Users/adaguo/.rvm/gems/ruby-2.6.1/gems/actionpack-5.0.7.1/lib/action_dispatch/middleware/templates/rescues/diagnostics.html.erb within rescues/layout
  Rendering /Users/adaguo/.rvm/gems/ruby-2.6.1/gems/actionpack-5.0.7.1/lib/action_dispatch/middleware/templates/rescues/_source.html.erb
  Rendered /Users/adaguo/.rvm/gems/ruby-2.6.1/gems/actionpack-5.0.7.1/lib/action_dispatch/middleware/templates/rescues/_source.html.erb (2.7ms)
  Rendering /Users/adaguo/.rvm/gems/ruby-2.6.1/gems/actionpack-5.0.7.1/lib/action_dispatch/middleware/templates/rescues/_trace.html.erb
  Rendered /Users/adaguo/.rvm/gems/ruby-2.6.1/gems/actionpack-5.0.7.1/lib/action_dispatch/middleware/templates/rescues/_trace.html.erb (4.1ms)
  Rendering /Users/adaguo/.rvm/gems/ruby-2.6.1/gems/actionpack-5.0.7.1/lib/action_dispatch/middleware/templates/rescues/_request_and_response.html.erb
  Rendered /Users/adaguo/.rvm/gems/ruby-2.6.1/gems/actionpack-5.0.7.1/lib/action_dispatch/middleware/templates/rescues/_request_and_response.html.erb (1.6ms)
  Rendered /Users/adaguo/.rvm/gems/ruby-2.6.1/gems/actionpack-5.0.7.1/lib/action_dispatch/middleware/templates/rescues/diagnostics.html.erb within rescues/layout (25.0ms)
Started GET "/students/3" for ::1 at 2019-04-08 14:17:19 -0400
Processing by StudentsController#show as HTML
  Parameters: {"id"=>"3"}
  [1m[36mStudent Load (0.3ms)[0m  [1m[34mSELECT  "students".* FROM "students" WHERE "students"."id" = ? LIMIT ?[0m  [["id", 3], ["LIMIT", 1]]
  Rendering students/show.erb within layouts/application
  Rendered students/show.erb within layouts/application (0.6ms)
Completed 200 OK in 39ms (Views: 23.4ms | ActiveRecord: 2.9ms)


Started GET "/students/3/edit" for ::1 at 2019-04-08 14:17:22 -0400
Processing by StudentsController#edit as HTML
  Parameters: {"id"=>"3"}
  [1m[36mStudent Load (0.2ms)[0m  [1m[34mSELECT  "students".* FROM "students" WHERE "students"."id" = ? LIMIT ?[0m  [["id", 3], ["LIMIT", 1]]
  Rendering students/edit.erb within layouts/application
  Rendered students/edit.erb within layouts/application (5.4ms)
Completed 200 OK in 40ms (Views: 36.2ms | ActiveRecord: 0.2ms)


Started PATCH "/students/3" for ::1 at 2019-04-08 14:17:30 -0400
Processing by StudentsController#update as HTML
  Parameters: {"utf8"=>"✓", "authenticity_token"=>"j4xYS16juISGStRT6rNoe5V5u7PNAAsE8Jl2GWHPbXKLvPqMhj2gFVZctN98MhKPrM73ZGRhaXD0IiNsJRjSZw==", "student"=>{"first_name"=>"Samuel", "last_name"=>"Guo"}, "commit"=>"Update Student", "id"=>"3"}
  [1m[36mStudent Load (0.2ms)[0m  [1m[34mSELECT  "students".* FROM "students" WHERE "students"."id" = ? LIMIT ?[0m  [["id", 3], ["LIMIT", 1]]
  [1m[35m (0.1ms)[0m  [1m[36mbegin transaction[0m
  [1m[35mSQL (1.6ms)[0m  [1m[33mUPDATE "students" SET "first_name" = ?, "updated_at" = ? WHERE "students"."id" = ?[0m  [["first_name", "Samuel"], ["updated_at", "2019-04-08 18:17:30.415000"], ["id", 3]]
  [1m[35m (3.8ms)[0m  [1m[36mcommit transaction[0m
Completed 500 Internal Server Error in 26ms (ActiveRecord: 5.6ms)


  
NoMethodError (undefined method `redirect' for #<StudentsController:0x00007fd3b6980058>
Did you mean?  redirect_to):
  
app/controllers/concerns/students_controller.rb:26:in `update'
  Rendering /Users/adaguo/.rvm/gems/ruby-2.6.1/gems/actionpack-5.0.7.1/lib/action_dispatch/middleware/templates/rescues/diagnostics.html.erb within rescues/layout
  Rendering /Users/adaguo/.rvm/gems/ruby-2.6.1/gems/actionpack-5.0.7.1/lib/action_dispatch/middleware/templates/rescues/_source.html.erb
  Rendered /Users/adaguo/.rvm/gems/ruby-2.6.1/gems/actionpack-5.0.7.1/lib/action_dispatch/middleware/templates/rescues/_source.html.erb (2.4ms)
  Rendering /Users/adaguo/.rvm/gems/ruby-2.6.1/gems/actionpack-5.0.7.1/lib/action_dispatch/middleware/templates/rescues/_trace.html.erb
  Rendered /Users/adaguo/.rvm/gems/ruby-2.6.1/gems/actionpack-5.0.7.1/lib/action_dispatch/middleware/templates/rescues/_trace.html.erb (3.5ms)
  Rendering /Users/adaguo/.rvm/gems/ruby-2.6.1/gems/actionpack-5.0.7.1/lib/action_dispatch/middleware/templates/rescues/_request_and_response.html.erb
  Rendered /Users/adaguo/.rvm/gems/ruby-2.6.1/gems/actionpack-5.0.7.1/lib/action_dispatch/middleware/templates/rescues/_request_and_response.html.erb (11.2ms)
  Rendered /Users/adaguo/.rvm/gems/ruby-2.6.1/gems/actionpack-5.0.7.1/lib/action_dispatch/middleware/templates/rescues/diagnostics.html.erb within rescues/layout (39.6ms)
Started GET "/students/3" for ::1 at 2019-04-08 14:18:02 -0400
Processing by StudentsController#show as HTML
  Parameters: {"id"=>"3"}
  [1m[36mStudent Load (0.2ms)[0m  [1m[34mSELECT  "students".* FROM "students" WHERE "students"."id" = ? LIMIT ?[0m  [["id", 3], ["LIMIT", 1]]
  Rendering students/show.erb within layouts/application
  Rendered students/show.erb within layouts/application (0.5ms)
Completed 200 OK in 86ms (Views: 75.4ms | ActiveRecord: 1.5ms)


Started GET "/students/3/edit" for ::1 at 2019-04-08 14:18:03 -0400
Processing by StudentsController#edit as HTML
  Parameters: {"id"=>"3"}
  [1m[36mStudent Load (0.2ms)[0m  [1m[34mSELECT  "students".* FROM "students" WHERE "students"."id" = ? LIMIT ?[0m  [["id", 3], ["LIMIT", 1]]
  Rendering students/edit.erb within layouts/application
  Rendered students/edit.erb within layouts/application (10.2ms)
Completed 200 OK in 40ms (Views: 36.7ms | ActiveRecord: 0.2ms)


Started PATCH "/students/3" for ::1 at 2019-04-08 14:18:08 -0400
Processing by StudentsController#update as HTML
  Parameters: {"utf8"=>"✓", "authenticity_token"=>"zeXFtVClwdFj1tdvzv9NHTSZTbL1bia4C8oVJdZ5n9nJ1WdyiDvZQLPAt+NYfjfpDS4BZVwPRMwPcUBQkq4gzA==", "student"=>{"first_name"=>"Lisa", "last_name"=>"Guo"}, "commit"=>"Update Student", "id"=>"3"}
  [1m[36mStudent Load (0.2ms)[0m  [1m[34mSELECT  "students".* FROM "students" WHERE "students"."id" = ? LIMIT ?[0m  [["id", 3], ["LIMIT", 1]]
  [1m[35m (0.1ms)[0m  [1m[36mbegin transaction[0m
  [1m[35mSQL (0.7ms)[0m  [1m[33mUPDATE "students" SET "first_name" = ?, "updated_at" = ? WHERE "students"."id" = ?[0m  [["first_name", "Lisa"], ["updated_at", "2019-04-08 18:18:08.682654"], ["id", 3]]
  [1m[35m (1.9ms)[0m  [1m[36mcommit transaction[0m
Redirected to http://localhost:3000/students/3
Completed 302 Found in 10ms (ActiveRecord: 2.9ms)


Started GET "/students/3" for ::1 at 2019-04-08 14:18:08 -0400
Processing by StudentsController#show as HTML
  Parameters: {"id"=>"3"}
  [1m[36mStudent Load (0.3ms)[0m  [1m[34mSELECT  "students".* FROM "students" WHERE "students"."id" = ? LIMIT ?[0m  [["id", 3], ["LIMIT", 1]]
  Rendering students/show.erb within layouts/application
  Rendered students/show.erb within layouts/application (0.6ms)
Completed 200 OK in 86ms (Views: 82.1ms | ActiveRecord: 0.3ms)


Started GET "/school_classes" for ::1 at 2019-04-08 14:27:00 -0400
  [1m[36mActiveRecord::SchemaMigration Load (1.2ms)[0m  [1m[34mSELECT "schema_migrations".* FROM "schema_migrations"[0m
Processing by SchoolClassesController#index as HTML
  Rendering school_classes/index.erb within layouts/application
  [1m[36mSchoolClass Load (1.4ms)[0m  [1m[34mSELECT "school_classes".* FROM "school_classes"[0m
  Rendered school_classes/index.erb within layouts/application (16.6ms)
Completed 200 OK in 475ms (Views: 456.5ms | ActiveRecord: 1.9ms)


Started GET "/school_classes/1" for ::1 at 2019-04-08 14:27:03 -0400
Processing by SchoolClassesController#show as HTML
  Parameters: {"id"=>"1"}
  [1m[36mStudent Load (2.7ms)[0m  [1m[34mSELECT  "students".* FROM "students" WHERE "students"."id" = ? LIMIT ?[0m  [["id", 1], ["LIMIT", 1]]
  Rendering school_classes/show.erb within layouts/application
  Rendered school_classes/show.erb within layouts/application (0.6ms)
Completed 200 OK in 50ms (Views: 24.7ms | ActiveRecord: 3.7ms)


Started GET "/school_classes/2" for ::1 at 2019-04-08 14:27:09 -0400
Processing by SchoolClassesController#show as HTML
  Parameters: {"id"=>"2"}
  [1m[36mStudent Load (0.2ms)[0m  [1m[34mSELECT  "students".* FROM "students" WHERE "students"."id" = ? LIMIT ?[0m  [["id", 2], ["LIMIT", 1]]
Completed 404 Not Found in 2ms (ActiveRecord: 0.2ms)


  
ActiveRecord::RecordNotFound (Couldn't find Student with 'id'=2):
  
app/controllers/school_classes_controller.rb:16:in `show'
  Rendering /Users/adaguo/.rvm/gems/ruby-2.6.1/gems/actionpack-5.0.7.1/lib/action_dispatch/middleware/templates/rescues/diagnostics.html.erb within rescues/layout
  Rendering /Users/adaguo/.rvm/gems/ruby-2.6.1/gems/actionpack-5.0.7.1/lib/action_dispatch/middleware/templates/rescues/_source.html.erb
  Rendered /Users/adaguo/.rvm/gems/ruby-2.6.1/gems/actionpack-5.0.7.1/lib/action_dispatch/middleware/templates/rescues/_source.html.erb (5.1ms)
  Rendering /Users/adaguo/.rvm/gems/ruby-2.6.1/gems/actionpack-5.0.7.1/lib/action_dispatch/middleware/templates/rescues/_trace.html.erb
  Rendered /Users/adaguo/.rvm/gems/ruby-2.6.1/gems/actionpack-5.0.7.1/lib/action_dispatch/middleware/templates/rescues/_trace.html.erb (1.5ms)
  Rendering /Users/adaguo/.rvm/gems/ruby-2.6.1/gems/actionpack-5.0.7.1/lib/action_dispatch/middleware/templates/rescues/_request_and_response.html.erb
  Rendered /Users/adaguo/.rvm/gems/ruby-2.6.1/gems/actionpack-5.0.7.1/lib/action_dispatch/middleware/templates/rescues/_request_and_response.html.erb (0.8ms)
  Rendered /Users/adaguo/.rvm/gems/ruby-2.6.1/gems/actionpack-5.0.7.1/lib/action_dispatch/middleware/templates/rescues/diagnostics.html.erb within rescues/layout (48.4ms)
Started GET "/school_classes/new" for ::1 at 2019-04-08 14:29:45 -0400
Processing by SchoolClassesController#new as HTML
  Rendering school_classes/new.erb within layouts/application
  Rendered school_classes/new.erb within layouts/application (51.8ms)
Completed 200 OK in 79ms (Views: 74.7ms | ActiveRecord: 0.0ms)


Started POST "/school_classes" for ::1 at 2019-04-08 14:29:55 -0400
Processing by SchoolClassesController#create as HTML
  Parameters: {"utf8"=>"✓", "authenticity_token"=>"7oFz4k4DC7nLftTs2gUFiZIBpg4Hsdn1fgYRI6WwPGbqsdEllp0TKBtotGBMhH99q7bq2a7Qu4F6vURW4WeDcw==", "school_class"=>{"title"=>"Ruuuuuby", "room_number"=>"5"}, "commit"=>"Create School class"}
Completed 400 Bad Request in 1ms (ActiveRecord: 0.0ms)


  
ActionController::ParameterMissing (param is missing or the value is empty: school_classes):
  
app/controllers/school_classes_controller.rb:32:in `school_classes_params'
app/controllers/school_classes_controller.rb:7:in `create'
  Rendering /Users/adaguo/.rvm/gems/ruby-2.6.1/gems/actionpack-5.0.7.1/lib/action_dispatch/middleware/templates/rescues/diagnostics.html.erb within rescues/layout
  Rendering /Users/adaguo/.rvm/gems/ruby-2.6.1/gems/actionpack-5.0.7.1/lib/action_dispatch/middleware/templates/rescues/_source.html.erb
  Rendered /Users/adaguo/.rvm/gems/ruby-2.6.1/gems/actionpack-5.0.7.1/lib/action_dispatch/middleware/templates/rescues/_source.html.erb (3.1ms)
  Rendering /Users/adaguo/.rvm/gems/ruby-2.6.1/gems/actionpack-5.0.7.1/lib/action_dispatch/middleware/templates/rescues/_trace.html.erb
  Rendered /Users/adaguo/.rvm/gems/ruby-2.6.1/gems/actionpack-5.0.7.1/lib/action_dispatch/middleware/templates/rescues/_trace.html.erb (3.0ms)
  Rendering /Users/adaguo/.rvm/gems/ruby-2.6.1/gems/actionpack-5.0.7.1/lib/action_dispatch/middleware/templates/rescues/_request_and_response.html.erb
  Rendered /Users/adaguo/.rvm/gems/ruby-2.6.1/gems/actionpack-5.0.7.1/lib/action_dispatch/middleware/templates/rescues/_request_and_response.html.erb (1.9ms)
  Rendered /Users/adaguo/.rvm/gems/ruby-2.6.1/gems/actionpack-5.0.7.1/lib/action_dispatch/middleware/templates/rescues/diagnostics.html.erb within rescues/layout (31.0ms)
Started GET "/school_classes/new" for ::1 at 2019-04-08 14:30:47 -0400
Processing by SchoolClassesController#new as HTML
  Rendering school_classes/new.erb within layouts/application
  Rendered school_classes/new.erb within layouts/application (23.0ms)
Completed 200 OK in 75ms (Views: 73.2ms | ActiveRecord: 0.9ms)


Started POST "/school_classes" for ::1 at 2019-04-08 14:30:56 -0400
Processing by SchoolClassesController#create as HTML
  Parameters: {"utf8"=>"✓", "authenticity_token"=>"m0nLEhXg7MKe8fiLeqTk4HGGwwBfqz+56tAO89PrHnmfeWnVzX70U07nmAfsJZ4USDGP1/bKXc3ua1uGlzyhbA==", "school_class"=>{"title"=>"Javascript", "room_number"=>"3"}, "commit"=>"Create School class"}
  [1m[35m (0.1ms)[0m  [1m[36mbegin transaction[0m
  [1m[35mSQL (2.2ms)[0m  [1m[32mINSERT INTO "school_classes" ("title", "room_number") VALUES (?, ?)[0m  [["title", "Javascript"], ["room_number", 3]]
  [1m[35m (2.1ms)[0m  [1m[36mcommit transaction[0m
Redirected to http://localhost:3000/school_classes
Completed 302 Found in 13ms (ActiveRecord: 4.4ms)


Started GET "/school_classes" for ::1 at 2019-04-08 14:30:56 -0400
Processing by SchoolClassesController#index as HTML
  Rendering school_classes/index.erb within layouts/application
  [1m[36mSchoolClass Load (0.4ms)[0m  [1m[34mSELECT "school_classes".* FROM "school_classes"[0m
  Rendered school_classes/index.erb within layouts/application (9.6ms)
Completed 200 OK in 111ms (Views: 108.9ms | ActiveRecord: 0.4ms)


Started GET "/school_classes/3" for ::1 at 2019-04-08 14:30:58 -0400
Processing by SchoolClassesController#show as HTML
  Parameters: {"id"=>"3"}
  [1m[36mStudent Load (2.0ms)[0m  [1m[34mSELECT  "students".* FROM "students" WHERE "students"."id" = ? LIMIT ?[0m  [["id", 3], ["LIMIT", 1]]
  Rendering school_classes/show.erb within layouts/application
  Rendered school_classes/show.erb within layouts/application (1.0ms)
Completed 200 OK in 113ms (Views: 91.2ms | ActiveRecord: 2.9ms)


Started GET "/school_classes" for ::1 at 2019-04-08 14:31:53 -0400
Processing by SchoolClassesController#index as HTML
  Rendering school_classes/index.erb within layouts/application
  [1m[36mSchoolClass Load (1.6ms)[0m  [1m[34mSELECT "school_classes".* FROM "school_classes"[0m
  Rendered school_classes/index.erb within layouts/application (45.7ms)
Completed 200 OK in 189ms (Views: 171.5ms | ActiveRecord: 9.9ms)


Started GET "/school_classes/3" for ::1 at 2019-04-08 14:31:55 -0400
Processing by SchoolClassesController#show as HTML
  Parameters: {"id"=>"3"}
  [1m[36mSchoolClass Load (0.4ms)[0m  [1m[34mSELECT  "school_classes".* FROM "school_classes" WHERE "school_classes"."id" = ? LIMIT ?[0m  [["id", 3], ["LIMIT", 1]]
  Rendering school_classes/show.erb within layouts/application
  Rendered school_classes/show.erb within layouts/application (1.2ms)
Completed 200 OK in 39ms (Views: 34.5ms | ActiveRecord: 0.4ms)


Started GET "/school_classes/2" for ::1 at 2019-04-08 14:32:00 -0400
Processing by SchoolClassesController#show as HTML
  Parameters: {"id"=>"2"}
  [1m[36mSchoolClass Load (0.3ms)[0m  [1m[34mSELECT  "school_classes".* FROM "school_classes" WHERE "school_classes"."id" = ? LIMIT ?[0m  [["id", 2], ["LIMIT", 1]]
  Rendering school_classes/show.erb within layouts/application
  Rendered school_classes/show.erb within layouts/application (1.3ms)
Completed 200 OK in 40ms (Views: 35.4ms | ActiveRecord: 0.3ms)


Started GET "/school_classes/1" for ::1 at 2019-04-08 14:32:03 -0400
Processing by SchoolClassesController#show as HTML
  Parameters: {"id"=>"1"}
  [1m[36mSchoolClass Load (0.1ms)[0m  [1m[34mSELECT  "school_classes".* FROM "school_classes" WHERE "school_classes"."id" = ? LIMIT ?[0m  [["id", 1], ["LIMIT", 1]]
  Rendering school_classes/show.erb within layouts/application
  Rendered school_classes/show.erb within layouts/application (0.6ms)
Completed 200 OK in 102ms (Views: 92.6ms | ActiveRecord: 0.1ms)


Started GET "/school_classes/new" for ::1 at 2019-04-08 14:33:53 -0400
Processing by SchoolClassesController#new as HTML
  Rendering school_classes/new.erb within layouts/application
  Rendered school_classes/new.erb within layouts/application (46.9ms)
Completed 200 OK in 95ms (Views: 92.1ms | ActiveRecord: 1.6ms)


Started POST "/school_classes" for ::1 at 2019-04-08 14:34:08 -0400
Processing by SchoolClassesController#create as HTML
  Parameters: {"utf8"=>"✓", "authenticity_token"=>"gmcZoV13QGq69owWJo7KeVk8A/M3WQdx7HtOLVnAIHOGV7tmhelY+2rg7JqwD7CNYItPJJ44ZQXowBtYHRefZg==", "school_class"=>{"title"=>"It looks like a Ruby", "room_number"=>"100"}, "commit"=>"Create School class"}
  [1m[35m (0.1ms)[0m  [1m[36mbegin transaction[0m
  [1m[35mSQL (0.6ms)[0m  [1m[32mINSERT INTO "school_classes" ("title", "room_number") VALUES (?, ?)[0m  [["title", "It looks like a Ruby"], ["room_number", 100]]
  [1m[35m (3.1ms)[0m  [1m[36mcommit transaction[0m
Redirected to http://localhost:3000/school_classes
Completed 302 Found in 12ms (ActiveRecord: 3.8ms)


Started GET "/school_classes" for ::1 at 2019-04-08 14:34:08 -0400
Processing by SchoolClassesController#index as HTML
  Rendering school_classes/index.erb within layouts/application
  [1m[36mSchoolClass Load (0.3ms)[0m  [1m[34mSELECT "school_classes".* FROM "school_classes"[0m
  Rendered school_classes/index.erb within layouts/application (2.9ms)
Completed 200 OK in 29ms (Views: 27.0ms | ActiveRecord: 0.3ms)


Started GET "/school_classes/4" for ::1 at 2019-04-08 14:34:10 -0400
Processing by SchoolClassesController#show as HTML
  Parameters: {"id"=>"4"}
  [1m[36mSchoolClass Load (0.2ms)[0m  [1m[34mSELECT  "school_classes".* FROM "school_classes" WHERE "school_classes"."id" = ? LIMIT ?[0m  [["id", 4], ["LIMIT", 1]]
  Rendering school_classes/show.erb within layouts/application
  Rendered school_classes/show.erb within layouts/application (0.9ms)
Completed 200 OK in 70ms (Views: 66.0ms | ActiveRecord: 0.2ms)


Started GET "/school_classes/4/edit" for ::1 at 2019-04-08 14:34:12 -0400
Processing by SchoolClassesController#edit as HTML
  Parameters: {"id"=>"4"}
  [1m[36mSchoolClass Load (0.2ms)[0m  [1m[34mSELECT  "school_classes".* FROM "school_classes" WHERE "school_classes"."id" = ? LIMIT ?[0m  [["id", 4], ["LIMIT", 1]]
  Rendering school_classes/edit.erb within layouts/application
  Rendered school_classes/edit.erb within layouts/application (5.3ms)
Completed 200 OK in 40ms (Views: 34.3ms | ActiveRecord: 0.2ms)


Started PATCH "/school_classes/4" for ::1 at 2019-04-08 14:34:30 -0400
Processing by SchoolClassesController#update as HTML
  Parameters: {"utf8"=>"✓", "authenticity_token"=>"DiqZ3k6+ICHkKbxUYTHkut+Gd2co38MiyBP8UculrOwKGjsZliA4sDQ/3Nj3sJ5O5jE7sIG+oVbMqKkkj3IT+Q==", "school_class"=>{"title"=>"IT LOOKS LIKE WE'RE SCREWED", "room_number"=>"888"}, "commit"=>"Update School class", "id"=>"4"}
  [1m[36mStudent Load (0.2ms)[0m  [1m[34mSELECT  "students".* FROM "students" WHERE "students"."id" = ? LIMIT ?[0m  [["id", 4], ["LIMIT", 1]]
  [1m[35m (0.1ms)[0m  [1m[36mbegin transaction[0m
  [1m[35m (0.1ms)[0m  [1m[31mrollback transaction[0m
Completed 500 Internal Server Error in 15ms (ActiveRecord: 1.4ms)


  
ActiveModel::UnknownAttributeError (unknown attribute 'title' for Student.):
  
app/controllers/school_classes_controller.rb:25:in `update'
  Rendering /Users/adaguo/.rvm/gems/ruby-2.6.1/gems/actionpack-5.0.7.1/lib/action_dispatch/middleware/templates/rescues/diagnostics.html.erb within rescues/layout
  Rendering /Users/adaguo/.rvm/gems/ruby-2.6.1/gems/actionpack-5.0.7.1/lib/action_dispatch/middleware/templates/rescues/_source.html.erb
  Rendered /Users/adaguo/.rvm/gems/ruby-2.6.1/gems/actionpack-5.0.7.1/lib/action_dispatch/middleware/templates/rescues/_source.html.erb (2.8ms)
  Rendering /Users/adaguo/.rvm/gems/ruby-2.6.1/gems/actionpack-5.0.7.1/lib/action_dispatch/middleware/templates/rescues/_trace.html.erb
  Rendered /Users/adaguo/.rvm/gems/ruby-2.6.1/gems/actionpack-5.0.7.1/lib/action_dispatch/middleware/templates/rescues/_trace.html.erb (2.6ms)
  Rendering /Users/adaguo/.rvm/gems/ruby-2.6.1/gems/actionpack-5.0.7.1/lib/action_dispatch/middleware/templates/rescues/_request_and_response.html.erb
  Rendered /Users/adaguo/.rvm/gems/ruby-2.6.1/gems/actionpack-5.0.7.1/lib/action_dispatch/middleware/templates/rescues/_request_and_response.html.erb (2.0ms)
  Rendered /Users/adaguo/.rvm/gems/ruby-2.6.1/gems/actionpack-5.0.7.1/lib/action_dispatch/middleware/templates/rescues/diagnostics.html.erb within rescues/layout (34.3ms)
Started GET "/school_classes/4" for ::1 at 2019-04-08 14:35:10 -0400
Processing by SchoolClassesController#show as HTML
  Parameters: {"id"=>"4"}
  [1m[36mSchoolClass Load (0.3ms)[0m  [1m[34mSELECT  "school_classes".* FROM "school_classes" WHERE "school_classes"."id" = ? LIMIT ?[0m  [["id", 4], ["LIMIT", 1]]
  Rendering school_classes/show.erb within layouts/application
  Rendered school_classes/show.erb within layouts/application (0.7ms)
Completed 200 OK in 38ms (Views: 23.8ms | ActiveRecord: 1.6ms)


Started GET "/school_classes/4/edit" for ::1 at 2019-04-08 14:35:13 -0400
Processing by SchoolClassesController#edit as HTML
  Parameters: {"id"=>"4"}
  [1m[36mSchoolClass Load (0.4ms)[0m  [1m[34mSELECT  "school_classes".* FROM "school_classes" WHERE "school_classes"."id" = ? LIMIT ?[0m  [["id", 4], ["LIMIT", 1]]
  Rendering school_classes/edit.erb within layouts/application
  Rendered school_classes/edit.erb within layouts/application (4.9ms)
Completed 200 OK in 38ms (Views: 32.5ms | ActiveRecord: 0.4ms)


Started PATCH "/school_classes/4" for ::1 at 2019-04-08 14:35:25 -0400
Processing by SchoolClassesController#update as HTML
  Parameters: {"utf8"=>"✓", "authenticity_token"=>"ROZhmggzNnf0ec+07PabswbsVwMv+s/RkA7S54f/GBtA1sNd0K0u5iRvrzh6d+FHP1sb1IabraWUtYeSwyinDg==", "school_class"=>{"title"=>"CODE CHALLENGE ", "room_number"=>"1234"}, "commit"=>"Update School class", "id"=>"4"}
  [1m[36mSchoolClass Load (0.2ms)[0m  [1m[34mSELECT  "school_classes".* FROM "school_classes" WHERE "school_classes"."id" = ? LIMIT ?[0m  [["id", 4], ["LIMIT", 1]]
  [1m[35m (0.1ms)[0m  [1m[36mbegin transaction[0m
  [1m[35mSQL (0.9ms)[0m  [1m[33mUPDATE "school_classes" SET "title" = ?, "room_number" = ? WHERE "school_classes"."id" = ?[0m  [["title", "CODE CHALLENGE "], ["room_number", 1234], ["id", 4]]
  [1m[35m (2.6ms)[0m  [1m[36mcommit transaction[0m
Redirected to http://localhost:3000/school_classes/4
Completed 302 Found in 11ms (ActiveRecord: 3.8ms)


Started GET "/school_classes/4" for ::1 at 2019-04-08 14:35:25 -0400
Processing by SchoolClassesController#show as HTML
  Parameters: {"id"=>"4"}
  [1m[36mSchoolClass Load (0.8ms)[0m  [1m[34mSELECT  "school_classes".* FROM "school_classes" WHERE "school_classes"."id" = ? LIMIT ?[0m  [["id", 4], ["LIMIT", 1]]
  Rendering school_classes/show.erb within layouts/application
  Rendered school_classes/show.erb within layouts/application (0.8ms)
Completed 200 OK in 71ms (Views: 66.9ms | ActiveRecord: 0.8ms)


